<?xml version="1.0" encoding="UTF-8"?>
<!-- Generated by org.testng.reporters.JUnitReportReporter -->
<testsuite name="test.java.testscripts.NewTest" tests="1" time="5.612" ignored="0" failures="0" timestamp="13 Apr 2020 09:04:35 GMT" skipped="0" hostname="HYDPCM01001813L" errors="1">
  <testcase name="CreateAccount" time="5.612" classname="test.java.testscripts.NewTest">
    <error type="org.openqa.selenium.SessionNotCreatedException" message="session not created: This version of ChromeDriver only supports Chrome version 76
Build info: version: &#039;3.14.0&#039;, revision: &#039;aacccce0&#039;, time: &#039;2018-08-02T20:05:20.749Z&#039;
System info: host: &#039;HYDPCM01001813L&#039;, ip: &#039;10.89.90.19&#039;, os.name: &#039;Windows 10&#039;, os.arch: &#039;amd64&#039;, os.version: &#039;10.0&#039;, java.version: &#039;1.8.0_202&#039;
Driver info: driver.version: ChromeDriver
remote stacktrace: Backtrace:
	Ordinal0 [0x01137B13+1473299]
	Ordinal0 [0x010BAC61+961633]
	Ordinal0 [0x010441A3+475555]
	Ordinal0 [0x00FDF365+62309]
	Ordinal0 [0x00FDBC77+48247]
	Ordinal0 [0x00FF8FD9+167897]
	Ordinal0 [0x00FF8BAD+166829]
	Ordinal0 [0x00FF72BB+160443]
	Ordinal0 [0x00FE0AE6+68326]
	Ordinal0 [0x00FE1A80+72320]
	Ordinal0 [0x00FE1A19+72217]
	Ordinal0 [0x010D4A27+1067559]
	GetHandleVerifier [0x011D66F5+506677]
	GetHandleVerifier [0x011D6490+506064]
	GetHandleVerifier [0x011DD038+533624]
	GetHandleVerifier [0x011D6ECA+508682]
	Ordinal0 [0x010CC116+1032470]
	Ordinal0 [0x010CBF8F+1032079]
	Ordinal0 [0x010D693B+1075515]
	Ordinal0 [0x010D6AA3+1075875]
	Ordinal0 [0x010D5A55+1071701]
	BaseThreadInitThunk [0x769E8674+36]
	RtlGetAppContainerNamedObjectPath [0x771B5D87+311]
	RtlGetAppContainerNamedObjectPath [0x771B5D57+263]
">
      <![CDATA[org.openqa.selenium.SessionNotCreatedException: session not created: This version of ChromeDriver only supports Chrome version 76
Build info: version: '3.14.0', revision: 'aacccce0', time: '2018-08-02T20:05:20.749Z'
System info: host: 'HYDPCM01001813L', ip: '10.89.90.19', os.name: 'Windows 10', os.arch: 'amd64', os.version: '10.0', java.version: '1.8.0_202'
Driver info: driver.version: ChromeDriver
remote stacktrace: Backtrace:
	Ordinal0 [0x01137B13+1473299]
	Ordinal0 [0x010BAC61+961633]
	Ordinal0 [0x010441A3+475555]
	Ordinal0 [0x00FDF365+62309]
	Ordinal0 [0x00FDBC77+48247]
	Ordinal0 [0x00FF8FD9+167897]
	Ordinal0 [0x00FF8BAD+166829]
	Ordinal0 [0x00FF72BB+160443]
	Ordinal0 [0x00FE0AE6+68326]
	Ordinal0 [0x00FE1A80+72320]
	Ordinal0 [0x00FE1A19+72217]
	Ordinal0 [0x010D4A27+1067559]
	GetHandleVerifier [0x011D66F5+506677]
	GetHandleVerifier [0x011D6490+506064]
	GetHandleVerifier [0x011DD038+533624]
	GetHandleVerifier [0x011D6ECA+508682]
	Ordinal0 [0x010CC116+1032470]
	Ordinal0 [0x010CBF8F+1032079]
	Ordinal0 [0x010D693B+1075515]
	Ordinal0 [0x010D6AA3+1075875]
	Ordinal0 [0x010D5A55+1071701]
	BaseThreadInitThunk [0x769E8674+36]
	RtlGetAppContainerNamedObjectPath [0x771B5D87+311]
	RtlGetAppContainerNamedObjectPath [0x771B5D57+263]

	at sun.reflect.NativeConstructorAccessorImpl.newInstance0(Native Method)
	at sun.reflect.NativeConstructorAccessorImpl.newInstance(NativeConstructorAccessorImpl.java:62)
	at sun.reflect.DelegatingConstructorAccessorImpl.newInstance(DelegatingConstructorAccessorImpl.java:45)
	at java.lang.reflect.Constructor.newInstance(Constructor.java:423)
	at org.openqa.selenium.remote.W3CHandshakeResponse.lambda$new$0(W3CHandshakeResponse.java:57)
	at org.openqa.selenium.remote.W3CHandshakeResponse$$Lambda$190.00000000132A4310.apply(Unknown Source)
	at org.openqa.selenium.remote.W3CHandshakeResponse.lambda$getResponseFunction$2(W3CHandshakeResponse.java:104)
	at org.openqa.selenium.remote.W3CHandshakeResponse$$Lambda$192.0000000013337250.apply(Unknown Source)
	at org.openqa.selenium.remote.ProtocolHandshake.lambda$createSession$0(ProtocolHandshake.java:122)
	at org.openqa.selenium.remote.ProtocolHandshake$$Lambda$193.0000000011B48C60.apply(Unknown Source)
	at java.util.stream.ReferencePipeline$3$1.accept(ReferencePipeline.java:193)
	at java.util.Spliterators$ArraySpliterator.tryAdvance(Spliterators.java:958)
	at java.util.stream.ReferencePipeline.forEachWithCancel(ReferencePipeline.java:126)
	at java.util.stream.AbstractPipeline.copyIntoWithCancel(AbstractPipeline.java:513)
	at java.util.stream.AbstractPipeline.copyInto(AbstractPipeline.java:500)
	at java.util.stream.AbstractPipeline.wrapAndCopyInto(AbstractPipeline.java:486)
	at java.util.stream.FindOps$FindOp.evaluateSequential(FindOps.java:152)
	at java.util.stream.AbstractPipeline.evaluate(AbstractPipeline.java:241)
	at java.util.stream.ReferencePipeline.findFirst(ReferencePipeline.java:464)
	at org.openqa.selenium.remote.ProtocolHandshake.createSession(ProtocolHandshake.java:125)
	at org.openqa.selenium.remote.ProtocolHandshake.createSession(ProtocolHandshake.java:73)
	at org.openqa.selenium.remote.HttpCommandExecutor.execute(HttpCommandExecutor.java:136)
	at org.openqa.selenium.remote.service.DriverCommandExecutor.execute(DriverCommandExecutor.java:83)
	at org.openqa.selenium.remote.RemoteWebDriver.execute(RemoteWebDriver.java:548)
	at org.openqa.selenium.remote.RemoteWebDriver.startSession(RemoteWebDriver.java:212)
	at org.openqa.selenium.remote.RemoteWebDriver.<init>(RemoteWebDriver.java:130)
	at org.openqa.selenium.chrome.ChromeDriver.<init>(ChromeDriver.java:181)
	at org.openqa.selenium.chrome.ChromeDriver.<init>(ChromeDriver.java:168)
	at org.openqa.selenium.chrome.ChromeDriver.<init>(ChromeDriver.java:123)
	at test.java.testscripts.NewTest.CreateAccount(NewTest.java:16)
	at sun.reflect.NativeMethodAccessorImpl.invoke0(Native Method)
	at sun.reflect.NativeMethodAccessorImpl.invoke(NativeMethodAccessorImpl.java:62)
	at sun.reflect.DelegatingMethodAccessorImpl.invoke(DelegatingMethodAccessorImpl.java:43)
	at java.lang.reflect.Method.invoke(Method.java:498)
	at org.testng.internal.MethodInvocationHelper.invokeMethod(MethodInvocationHelper.java:104)
	at org.testng.internal.Invoker.invokeMethod(Invoker.java:645)
	at org.testng.internal.Invoker.invokeTestMethod(Invoker.java:851)
	at org.testng.internal.Invoker.invokeTestMethods(Invoker.java:1177)
	at org.testng.internal.TestMethodWorker.invokeTestMethods(TestMethodWorker.java:129)
	at org.testng.internal.TestMethodWorker.run(TestMethodWorker.java:112)
	at org.testng.TestRunner.privateRun(TestRunner.java:756)
	at org.testng.TestRunner.run(TestRunner.java:610)
	at org.testng.SuiteRunner.runTest(SuiteRunner.java:387)
	at org.testng.SuiteRunner.runSequentially(SuiteRunner.java:382)
	at org.testng.SuiteRunner.privateRun(SuiteRunner.java:340)
	at org.testng.SuiteRunner.run(SuiteRunner.java:289)
	at org.testng.SuiteRunnerWorker.runSuite(SuiteRunnerWorker.java:52)
	at org.testng.SuiteRunnerWorker.run(SuiteRunnerWorker.java:86)
	at org.testng.TestNG.runSuitesSequentially(TestNG.java:1293)
	at org.testng.TestNG.runSuitesLocally(TestNG.java:1218)
	at org.testng.TestNG.runSuites(TestNG.java:1133)
	at org.testng.TestNG.run(TestNG.java:1104)
	at org.testng.remote.AbstractRemoteTestNG.run(AbstractRemoteTestNG.java:132)
	at org.testng.remote.RemoteTestNG.initAndRun(RemoteTestNG.java:236)
	at org.testng.remote.RemoteTestNG.main(RemoteTestNG.java:81)
]]>
    </error>
  </testcase> <!-- CreateAccount -->
</testsuite> <!-- test.java.testscripts.NewTest -->
